2024-11-19 07:37:15,186 - INFO - Starting network monitoring script.
2024-11-19 07:37:15,187 - INFO - Determined local subnet: 127.0.1.1/24
2024-11-19 07:37:15,188 - INFO - Scanning local subnet for suspicious activity...
2024-11-19 07:37:15,188 - INFO - Getting local network interface details...
2024-11-19 07:37:15,189 - ERROR - No valid network interface found. Unable to determine subnet.
2024-11-19 07:37:15,189 - ERROR - Could not retrieve subnet details.
2024-11-19 07:37:15,314 - INFO - Active devices: 0
2024-11-19 07:37:20,190 - INFO - Scanning local subnet for suspicious activity...
2024-11-19 07:37:20,190 - INFO - Getting local network interface details...
2024-11-19 07:37:20,190 - ERROR - No valid network interface found. Unable to determine subnet.
2024-11-19 07:37:20,191 - ERROR - Could not retrieve subnet details.
2024-11-19 07:37:25,193 - INFO - Scanning local subnet for suspicious activity...
2024-11-19 07:37:25,193 - INFO - Getting local network interface details...
2024-11-19 07:37:25,194 - ERROR - No valid network interface found. Unable to determine subnet.
2024-11-19 07:37:25,194 - ERROR - Could not retrieve subnet details.
2024-11-19 07:38:15,655 - INFO - Starting network monitoring script.
2024-11-19 07:38:15,655 - INFO - Determined local subnet: 127.0.1.1/24
2024-11-19 07:38:15,657 - INFO - Scanning local subnet for suspicious activity...
2024-11-19 07:38:15,657 - INFO - Getting local network interface details...
2024-11-19 07:38:15,657 - INFO - Local subnet detected: 192.168.36.0/24
2024-11-19 07:38:15,858 - INFO - Active devices: 1
2024-11-19 07:38:30,721 - INFO - Packets captured: 8
2024-11-19 07:38:30,721 - INFO - Detecting anomalies in captured packets...
2024-11-19 07:38:30,946 - INFO - Anomaly detection completed.
2024-11-19 07:38:30,947 - INFO - Anomalies detected: 1
2024-11-19 07:38:30,947 - INFO - Attempting to connect to the database...
2024-11-19 07:38:30,961 - INFO - Database connection successful.
2024-11-20 04:50:21,831 - INFO - Starting network monitoring script.
2024-11-20 04:50:21,832 - INFO - Determined local subnet: 127.0.1.1/24
2024-11-20 04:50:21,833 - INFO - Scanning local subnet for suspicious activity...
2024-11-20 04:50:21,833 - INFO - Getting local network interface details...
2024-11-20 04:50:21,834 - INFO - Local subnet detected: 192.168.36.0/24
2024-11-20 04:50:32,048 - INFO - Active devices: 1
2024-11-20 04:50:36,883 - INFO - Packets captured: 12
2024-11-20 04:50:36,884 - INFO - Detecting anomalies in captured packets...
2024-11-20 04:50:37,184 - INFO - Anomaly detection completed.
2024-11-20 04:50:37,184 - INFO - Anomalies detected: 1
2024-11-20 04:50:37,184 - INFO - Attempting to connect to the database...
2024-11-20 04:50:37,188 - ERROR - Database connection error: 2003 (HY000): Can't connect to MySQL server on 'localhost:3306' (111)
2024-11-20 04:50:37,188 - INFO - Classifying the threat based on packet analysis...
2024-11-20 04:50:37,189 - INFO - Threat detected: Unusual Activity from IP 192.168.36.123
2024-11-20 04:50:37,189 - INFO - Inserting threat data for IP 192.168.36.123 into database...
2024-11-20 04:50:37,189 - INFO - Attempting to connect to the database...
2024-11-20 04:50:37,189 - ERROR - Database connection error: 2003 (HY000): Can't connect to MySQL server on 'localhost:3306' (111)
2024-11-20 04:50:42,192 - INFO - Scanning local subnet for suspicious activity...
2024-11-20 04:50:42,192 - INFO - Getting local network interface details...
2024-11-20 04:50:42,193 - INFO - Local subnet detected: 192.168.36.0/24
2024-11-20 04:51:02,055 - INFO - Packets captured: 4
2024-11-20 04:51:02,055 - INFO - Detecting anomalies in captured packets...
2024-11-20 04:51:02,303 - INFO - Anomaly detection completed.
2024-11-20 04:51:02,304 - INFO - Anomalies detected: 1
2024-11-20 04:51:02,304 - INFO - Attempting to connect to the database...
2024-11-20 04:51:02,304 - ERROR - Database connection error: 2003 (HY000): Can't connect to MySQL server on 'localhost:3306' (111)
2024-11-20 04:51:02,304 - INFO - Classifying the threat based on packet analysis...
2024-11-20 04:51:02,305 - INFO - Threat detected: Unusual Activity from IP 192.168.36.123
2024-11-20 04:51:02,305 - INFO - Inserting threat data for IP 192.168.36.123 into database...
2024-11-20 04:51:02,305 - INFO - Attempting to connect to the database...
2024-11-20 04:51:02,305 - ERROR - Database connection error: 2003 (HY000): Can't connect to MySQL server on 'localhost:3306' (111)
2024-11-20 04:51:06,868 - INFO - Determined local subnet: 127.0.1.1/24
2024-11-20 04:51:07,308 - INFO - Scanning local subnet for suspicious activity...
2024-11-20 04:51:07,308 - INFO - Getting local network interface details...
2024-11-20 04:51:07,309 - INFO - Local subnet detected: 192.168.36.0/24
2024-11-20 04:51:17,266 - INFO - Active devices: 1
2024-11-20 04:51:22,383 - INFO - Packets captured: 3
2024-11-20 04:51:22,383 - INFO - Detecting anomalies in captured packets...
2024-11-20 04:51:22,556 - INFO - Anomaly detection completed.
2024-11-20 04:51:22,556 - INFO - Anomalies detected: 1
2024-11-20 04:51:22,556 - INFO - Attempting to connect to the database...
2024-11-20 04:51:22,568 - INFO - Database connection successful.
2024-11-20 04:51:22,572 - INFO - IP 192.168.36.122 is already blocked and not functional.
2024-11-20 04:51:22,572 - INFO - Skipping IP 192.168.36.122 as it is already blocked.
2024-11-20 04:51:27,574 - INFO - Scanning local subnet for suspicious activity...
2024-11-20 04:51:27,574 - INFO - Getting local network interface details...
2024-11-20 04:51:27,575 - INFO - Local subnet detected: 192.168.36.0/24
2024-11-20 04:51:42,618 - INFO - Packets captured: 0
2024-11-20 04:51:42,619 - INFO - Detecting anomalies in captured packets...
2024-11-20 04:51:42,619 - INFO - Not enough data to detect anomalies.
2024-11-20 04:51:42,619 - INFO - Anomalies detected: 0
2024-11-20 04:51:47,266 - INFO - Determined local subnet: 127.0.1.1/24
2024-11-20 04:51:47,621 - INFO - Scanning local subnet for suspicious activity...
2024-11-20 04:51:47,621 - INFO - Getting local network interface details...
2024-11-20 04:51:47,622 - INFO - Local subnet detected: 192.168.36.0/24
2024-11-20 04:51:57,545 - INFO - Active devices: 1
2024-11-20 04:52:02,675 - INFO - Packets captured: 1
2024-11-20 04:52:02,675 - INFO - Detecting anomalies in captured packets...
2024-11-20 04:52:02,676 - INFO - Not enough data to detect anomalies.
2024-11-20 04:52:02,676 - INFO - Anomalies detected: 0
2024-11-20 04:52:05,639 - INFO - Scanning local subnet for suspicious activity...
2024-11-20 04:52:05,639 - INFO - Getting local network interface details...
2024-11-20 04:52:05,640 - INFO - Local subnet detected: 192.168.36.0/24
2024-11-20 04:52:11,847 - INFO - Packets captured: 0
2024-11-20 04:52:11,848 - INFO - Detecting anomalies in captured packets...
2024-11-20 04:52:11,848 - INFO - Not enough data to detect anomalies.
2024-11-20 04:52:11,848 - INFO - Anomalies detected: 0
2024-11-20 04:52:16,850 - INFO - Scanning local subnet for suspicious activity...
2024-11-20 04:52:16,851 - INFO - Getting local network interface details...
2024-11-20 04:52:16,852 - INFO - Local subnet detected: 192.168.36.0/24
2024-11-20 04:52:20,755 - INFO - Packets captured: 0
2024-11-20 04:52:20,756 - INFO - Detecting anomalies in captured packets...
2024-11-20 04:52:20,757 - INFO - Not enough data to detect anomalies.
2024-11-20 04:52:20,757 - INFO - Anomalies detected: 0
2024-11-24 19:43:21,285 - INFO - Starting network monitoring script.
2024-11-24 19:43:21,286 - INFO - Determined local subnet: 127.0.1.1/24
2024-11-24 19:43:21,287 - INFO - Scanning local subnet for suspicious activity...
2024-11-24 19:43:21,287 - INFO - Getting local network interface details...
2024-11-24 19:43:21,287 - ERROR - No valid network interface found. Unable to determine subnet.
2024-11-24 19:43:21,288 - ERROR - Could not retrieve subnet details.
2024-11-24 19:43:21,383 - INFO - Active devices: 0
2024-11-24 19:43:26,291 - INFO - Scanning local subnet for suspicious activity...
2024-11-24 19:43:26,291 - INFO - Getting local network interface details...
2024-11-24 19:43:26,292 - ERROR - No valid network interface found. Unable to determine subnet.
2024-11-24 19:43:26,293 - ERROR - Could not retrieve subnet details.
2024-11-24 19:43:31,296 - INFO - Scanning local subnet for suspicious activity...
2024-11-24 19:43:31,297 - INFO - Getting local network interface details...
2024-11-24 19:43:31,297 - ERROR - No valid network interface found. Unable to determine subnet.
2024-11-24 19:43:31,298 - ERROR - Could not retrieve subnet details.
2024-11-25 00:00:17,128 - INFO - Starting network monitoring script.
2024-11-25 00:00:17,129 - INFO - Determined local subnet: 127.0.1.1/24
2024-11-25 00:00:17,130 - INFO - Scanning local subnet for suspicious activity...
2024-11-25 00:00:17,130 - INFO - Getting local network interface details...
2024-11-25 00:00:17,131 - INFO - Local subnet detected: 192.168.108.0/24
2024-11-25 00:00:17,316 - INFO - Active devices: 1
2024-11-25 00:00:32,189 - INFO - Packets captured: 12
2024-11-25 00:00:32,190 - INFO - Detecting anomalies in captured packets...
2024-11-25 00:00:32,333 - INFO - Anomaly detection completed.
2024-11-25 00:00:32,333 - INFO - Anomalies detected: 1
2024-11-25 00:00:32,333 - INFO - Attempting to connect to the database...
2024-11-25 00:00:32,349 - INFO - Database connection successful.
2024-11-25 00:00:32,350 - INFO - Classifying the threat based on packet analysis...
2024-11-25 00:00:32,350 - INFO - Threat detected: Unusual Activity from IP 192.168.108.254
2024-11-25 00:00:32,350 - INFO - Inserting threat data for IP 192.168.108.254 into database...
2024-11-25 00:00:32,350 - INFO - Attempting to connect to the database...
2024-11-25 00:00:32,351 - INFO - Database connection successful.
2024-11-25 00:00:32,354 - INFO - Threat data inserted successfully.
2024-11-25 00:00:32,354 - INFO - Blocking IP 192.168.108.254 using OS-specific firewall rules...
2024-11-25 00:00:32,400 - INFO - IP 192.168.108.254 successfully blocked with Linux IPtables.
2024-11-25 00:00:37,402 - INFO - Scanning local subnet for suspicious activity...
2024-11-25 00:00:37,402 - INFO - Getting local network interface details...
2024-11-25 00:00:37,403 - INFO - Local subnet detected: 192.168.108.0/24
2024-11-25 00:00:47,316 - INFO - Determined local subnet: 127.0.1.1/24
2024-11-25 00:00:52,457 - INFO - Packets captured: 4
2024-11-25 00:00:52,457 - INFO - Detecting anomalies in captured packets...
2024-11-25 00:00:52,564 - INFO - Anomaly detection completed.
2024-11-25 00:00:52,565 - INFO - Anomalies detected: 1
2024-11-25 00:00:52,565 - INFO - Attempting to connect to the database...
2024-11-25 00:00:52,566 - INFO - Database connection successful.
2024-11-25 00:00:52,567 - INFO - IP 192.168.108.254 is already blocked and not functional.
2024-11-25 00:00:52,567 - INFO - Skipping IP 192.168.108.254 as it is already blocked.
2024-11-25 00:00:57,569 - INFO - Scanning local subnet for suspicious activity...
2024-11-25 00:00:57,570 - INFO - Getting local network interface details...
2024-11-25 00:00:57,571 - INFO - Local subnet detected: 192.168.108.0/24
2024-11-25 00:01:12,641 - INFO - Packets captured: 28
2024-11-25 00:01:12,641 - INFO - Detecting anomalies in captured packets...
2024-11-25 00:01:12,844 - INFO - Anomaly detection completed.
2024-11-25 00:01:12,844 - INFO - Anomalies detected: 0
2024-11-25 00:01:17,845 - INFO - Scanning local subnet for suspicious activity...
2024-11-25 00:01:17,845 - INFO - Getting local network interface details...
2024-11-25 00:01:17,846 - INFO - Local subnet detected: 192.168.108.0/24
2024-11-25 00:01:32,925 - INFO - Packets captured: 12
2024-11-25 00:01:32,925 - INFO - Detecting anomalies in captured packets...
2024-11-25 00:01:33,137 - INFO - Anomaly detection completed.
2024-11-25 00:01:33,137 - INFO - Anomalies detected: 0
2024-11-25 00:01:38,139 - INFO - Scanning local subnet for suspicious activity...
2024-11-25 00:01:38,139 - INFO - Getting local network interface details...
2024-11-25 00:01:38,140 - INFO - Local subnet detected: 192.168.108.0/24
2024-11-25 00:01:53,193 - INFO - Packets captured: 0
2024-11-25 00:01:53,193 - INFO - Detecting anomalies in captured packets...
2024-11-25 00:01:53,194 - INFO - Not enough data to detect anomalies.
2024-11-25 00:01:53,194 - INFO - Anomalies detected: 0
2024-11-25 00:01:58,196 - INFO - Scanning local subnet for suspicious activity...
2024-11-25 00:01:58,197 - INFO - Getting local network interface details...
2024-11-25 00:01:58,197 - INFO - Local subnet detected: 192.168.108.0/24
2024-11-25 00:02:13,257 - INFO - Packets captured: 0
2024-11-25 00:02:13,257 - INFO - Detecting anomalies in captured packets...
2024-11-25 00:02:13,257 - INFO - Not enough data to detect anomalies.
2024-11-25 00:02:13,258 - INFO - Anomalies detected: 0
2024-11-25 00:02:18,260 - INFO - Scanning local subnet for suspicious activity...
2024-11-25 00:02:18,260 - INFO - Getting local network interface details...
2024-11-25 00:02:18,261 - INFO - Local subnet detected: 192.168.108.0/24
2024-11-25 00:02:33,317 - INFO - Packets captured: 66
2024-11-25 00:02:33,317 - INFO - Detecting anomalies in captured packets...
2024-11-25 00:02:33,449 - INFO - Anomaly detection completed.
2024-11-25 00:02:33,449 - INFO - Anomalies detected: 0
2024-11-25 00:02:38,450 - INFO - Scanning local subnet for suspicious activity...
2024-11-25 00:02:38,451 - INFO - Getting local network interface details...
2024-11-25 00:02:38,451 - INFO - Local subnet detected: 192.168.108.0/24
2024-11-25 00:02:53,493 - INFO - Packets captured: 22
2024-11-25 00:02:53,493 - INFO - Detecting anomalies in captured packets...
2024-11-25 00:02:53,633 - INFO - Anomaly detection completed.
2024-11-25 00:02:53,633 - INFO - Anomalies detected: 0
2024-11-25 00:02:58,635 - INFO - Scanning local subnet for suspicious activity...
2024-11-25 00:02:58,635 - INFO - Getting local network interface details...
2024-11-25 00:02:58,636 - INFO - Local subnet detected: 192.168.108.0/24
2024-11-25 00:03:13,709 - INFO - Packets captured: 0
2024-11-25 00:03:13,709 - INFO - Detecting anomalies in captured packets...
2024-11-25 00:03:13,709 - INFO - Not enough data to detect anomalies.
2024-11-25 00:03:13,710 - INFO - Anomalies detected: 0
2024-11-25 00:03:18,713 - INFO - Scanning local subnet for suspicious activity...
2024-11-25 00:03:18,714 - INFO - Getting local network interface details...
2024-11-25 00:03:18,715 - INFO - Local subnet detected: 192.168.108.0/24
2024-11-25 00:03:33,777 - INFO - Packets captured: 0
2024-11-25 00:03:33,777 - INFO - Detecting anomalies in captured packets...
2024-11-25 00:03:33,778 - INFO - Not enough data to detect anomalies.
2024-11-25 00:03:33,778 - INFO - Anomalies detected: 0
2024-11-25 00:03:38,780 - INFO - Scanning local subnet for suspicious activity...
2024-11-25 00:03:38,781 - INFO - Getting local network interface details...
2024-11-25 00:03:38,782 - INFO - Local subnet detected: 192.168.108.0/24
2024-11-25 00:03:53,829 - INFO - Packets captured: 0
2024-11-25 00:03:53,829 - INFO - Detecting anomalies in captured packets...
2024-11-25 00:03:53,829 - INFO - Not enough data to detect anomalies.
2024-11-25 00:03:53,830 - INFO - Anomalies detected: 0
2024-11-25 00:03:58,831 - INFO - Scanning local subnet for suspicious activity...
2024-11-25 00:03:58,831 - INFO - Getting local network interface details...
2024-11-25 00:03:58,832 - INFO - Local subnet detected: 192.168.108.0/24
2024-11-25 00:04:13,901 - INFO - Packets captured: 0
2024-11-25 00:04:13,901 - INFO - Detecting anomalies in captured packets...
2024-11-25 00:04:13,901 - INFO - Not enough data to detect anomalies.
2024-11-25 00:04:13,902 - INFO - Anomalies detected: 0
2024-11-25 00:04:18,904 - INFO - Scanning local subnet for suspicious activity...
2024-11-25 00:04:18,904 - INFO - Getting local network interface details...
2024-11-25 00:04:18,905 - INFO - Local subnet detected: 192.168.108.0/24
2024-11-25 00:04:33,941 - INFO - Packets captured: 30
2024-11-25 00:04:33,941 - INFO - Detecting anomalies in captured packets...
2024-11-25 00:04:34,051 - INFO - Anomaly detection completed.
2024-11-25 00:04:34,051 - INFO - Anomalies detected: 0
2024-11-25 00:04:39,053 - INFO - Scanning local subnet for suspicious activity...
2024-11-25 00:04:39,053 - INFO - Getting local network interface details...
2024-11-25 00:04:39,054 - INFO - Local subnet detected: 192.168.108.0/24
2024-11-25 00:04:54,117 - INFO - Packets captured: 2
2024-11-25 00:04:54,117 - INFO - Detecting anomalies in captured packets...
2024-11-25 00:04:54,254 - INFO - Anomaly detection completed.
2024-11-25 00:04:54,254 - INFO - Anomalies detected: 0
2024-11-25 00:04:59,255 - INFO - Scanning local subnet for suspicious activity...
2024-11-25 00:04:59,255 - INFO - Getting local network interface details...
2024-11-25 00:04:59,255 - INFO - Local subnet detected: 192.168.108.0/24
2024-11-25 00:05:14,297 - INFO - Packets captured: 26
2024-11-25 00:05:14,297 - INFO - Detecting anomalies in captured packets...
2024-11-25 00:05:14,436 - INFO - Anomaly detection completed.
2024-11-25 00:05:14,436 - INFO - Anomalies detected: 0
2024-11-25 00:05:19,438 - INFO - Scanning local subnet for suspicious activity...
2024-11-25 00:05:19,438 - INFO - Getting local network interface details...
2024-11-25 00:05:19,439 - INFO - Local subnet detected: 192.168.108.0/24
2024-11-25 00:05:34,485 - INFO - Packets captured: 2
2024-11-25 00:05:34,485 - INFO - Detecting anomalies in captured packets...
2024-11-25 00:05:34,608 - INFO - Anomaly detection completed.
2024-11-25 00:05:34,608 - INFO - Anomalies detected: 0
2024-11-25 00:05:39,610 - INFO - Scanning local subnet for suspicious activity...
2024-11-25 00:05:39,610 - INFO - Getting local network interface details...
2024-11-25 00:05:39,611 - INFO - Local subnet detected: 192.168.108.0/24
2024-11-25 00:05:54,669 - INFO - Packets captured: 0
2024-11-25 00:05:54,669 - INFO - Detecting anomalies in captured packets...
2024-11-25 00:05:54,669 - INFO - Not enough data to detect anomalies.
2024-11-25 00:05:54,670 - INFO - Anomalies detected: 0
2024-11-25 00:05:59,672 - INFO - Scanning local subnet for suspicious activity...
2024-11-25 00:05:59,672 - INFO - Getting local network interface details...
2024-11-25 00:05:59,673 - INFO - Local subnet detected: 192.168.108.0/24
2024-11-25 00:06:14,733 - INFO - Packets captured: 0
2024-11-25 00:06:14,733 - INFO - Detecting anomalies in captured packets...
2024-11-25 00:06:14,733 - INFO - Not enough data to detect anomalies.
2024-11-25 00:06:14,733 - INFO - Anomalies detected: 0
2024-11-25 00:06:19,735 - INFO - Scanning local subnet for suspicious activity...
2024-11-25 00:06:19,735 - INFO - Getting local network interface details...
2024-11-25 00:06:19,736 - INFO - Local subnet detected: 192.168.108.0/24
2024-11-25 00:06:34,817 - INFO - Packets captured: 4
2024-11-25 00:06:34,817 - INFO - Detecting anomalies in captured packets...
2024-11-25 00:06:34,964 - INFO - Anomaly detection completed.
2024-11-25 00:06:34,964 - INFO - Anomalies detected: 0
2024-11-25 00:06:39,966 - INFO - Scanning local subnet for suspicious activity...
2024-11-25 00:06:39,967 - INFO - Getting local network interface details...
2024-11-25 00:06:39,967 - INFO - Local subnet detected: 192.168.108.0/24
2024-11-25 00:06:55,033 - INFO - Packets captured: 0
2024-11-25 00:06:55,033 - INFO - Detecting anomalies in captured packets...
2024-11-25 00:06:55,034 - INFO - Not enough data to detect anomalies.
2024-11-25 00:06:55,034 - INFO - Anomalies detected: 0
2024-11-25 00:07:00,036 - INFO - Scanning local subnet for suspicious activity...
2024-11-25 00:07:00,037 - INFO - Getting local network interface details...
2024-11-25 00:07:00,037 - INFO - Local subnet detected: 192.168.108.0/24
2024-11-25 00:07:15,081 - INFO - Packets captured: 26
2024-11-25 00:07:15,081 - INFO - Detecting anomalies in captured packets...
2024-11-25 00:07:15,234 - INFO - Anomaly detection completed.
2024-11-25 00:07:15,234 - INFO - Anomalies detected: 0
2024-11-25 00:07:20,236 - INFO - Scanning local subnet for suspicious activity...
2024-11-25 00:07:20,237 - INFO - Getting local network interface details...
2024-11-25 00:07:20,238 - INFO - Local subnet detected: 192.168.108.0/24
2024-11-25 00:07:35,301 - INFO - Packets captured: 28
2024-11-25 00:07:35,301 - INFO - Detecting anomalies in captured packets...
2024-11-25 00:07:35,412 - INFO - Anomaly detection completed.
2024-11-25 00:07:35,412 - INFO - Anomalies detected: 0
2024-11-25 00:07:40,413 - INFO - Scanning local subnet for suspicious activity...
2024-11-25 00:07:40,413 - INFO - Getting local network interface details...
2024-11-25 00:07:40,413 - INFO - Local subnet detected: 192.168.108.0/24
2024-11-25 00:07:55,489 - INFO - Packets captured: 2
2024-11-25 00:07:55,489 - INFO - Detecting anomalies in captured packets...
2024-11-25 00:07:55,683 - INFO - Anomaly detection completed.
2024-11-25 00:07:55,684 - INFO - Anomalies detected: 0
2024-11-25 00:08:00,686 - INFO - Scanning local subnet for suspicious activity...
2024-11-25 00:08:00,686 - INFO - Getting local network interface details...
2024-11-25 00:08:00,687 - INFO - Local subnet detected: 192.168.108.0/24
2024-11-25 00:08:15,757 - INFO - Packets captured: 20
2024-11-25 00:08:15,757 - INFO - Detecting anomalies in captured packets...
2024-11-25 00:08:15,919 - INFO - Anomaly detection completed.
2024-11-25 00:08:15,919 - INFO - Anomalies detected: 0
2024-11-25 00:08:20,921 - INFO - Scanning local subnet for suspicious activity...
2024-11-25 00:08:20,921 - INFO - Getting local network interface details...
2024-11-25 00:08:20,922 - INFO - Local subnet detected: 192.168.108.0/24
2024-11-25 00:08:35,957 - INFO - Packets captured: 2
2024-11-25 00:08:35,957 - INFO - Detecting anomalies in captured packets...
2024-11-25 00:08:36,133 - INFO - Anomaly detection completed.
2024-11-25 00:08:36,133 - INFO - Anomalies detected: 0
2024-11-25 00:08:41,135 - INFO - Scanning local subnet for suspicious activity...
2024-11-25 00:08:41,135 - INFO - Getting local network interface details...
2024-11-25 00:08:41,136 - INFO - Local subnet detected: 192.168.108.0/24
2024-11-25 00:08:56,185 - INFO - Packets captured: 0
2024-11-25 00:08:56,186 - INFO - Detecting anomalies in captured packets...
2024-11-25 00:08:56,188 - INFO - Not enough data to detect anomalies.
2024-11-25 00:08:56,188 - INFO - Anomalies detected: 0
2024-11-25 00:09:01,190 - INFO - Scanning local subnet for suspicious activity...
2024-11-25 00:09:01,190 - INFO - Getting local network interface details...
2024-11-25 00:09:01,191 - INFO - Local subnet detected: 192.168.108.0/24
2024-11-25 00:09:07,977 - INFO - Active devices: 0
2024-11-25 00:09:16,241 - INFO - Packets captured: 0
2024-11-25 00:09:16,241 - INFO - Detecting anomalies in captured packets...
2024-11-25 00:09:16,241 - INFO - Not enough data to detect anomalies.
2024-11-25 00:09:16,242 - INFO - Anomalies detected: 0
2024-11-25 00:09:25,592 - INFO - Starting network monitoring script.
2024-11-25 00:09:25,593 - INFO - Determined local subnet: 127.0.1.1/24
2024-11-25 00:09:25,594 - INFO - Scanning local subnet for suspicious activity...
2024-11-25 00:09:25,595 - INFO - Getting local network interface details...
2024-11-25 00:09:25,595 - INFO - Local subnet detected: 192.168.108.0/24
2024-11-25 00:09:40,677 - INFO - Packets captured: 4
2024-11-25 00:09:40,677 - INFO - Detecting anomalies in captured packets...
2024-11-25 00:09:40,785 - INFO - Anomaly detection completed.
2024-11-25 00:09:40,785 - INFO - Anomalies detected: 1
2024-11-25 00:09:40,785 - INFO - Attempting to connect to the database...
2024-11-25 00:09:40,788 - INFO - Database connection successful.
2024-11-25 00:09:40,788 - INFO - IP 192.168.108.254 is already blocked and not functional.
2024-11-25 00:09:40,789 - INFO - Skipping IP 192.168.108.254 as it is already blocked.
2024-11-25 00:09:45,791 - INFO - Scanning local subnet for suspicious activity...
2024-11-25 00:09:45,791 - INFO - Getting local network interface details...
2024-11-25 00:09:45,792 - INFO - Local subnet detected: 192.168.108.0/24
2024-11-25 00:10:00,849 - INFO - Packets captured: 0
2024-11-25 00:10:00,849 - INFO - Detecting anomalies in captured packets...
2024-11-25 00:10:00,849 - INFO - Not enough data to detect anomalies.
2024-11-25 00:10:00,849 - INFO - Anomalies detected: 0
2024-11-25 00:10:05,850 - INFO - Scanning local subnet for suspicious activity...
2024-11-25 00:10:05,850 - INFO - Getting local network interface details...
2024-11-25 00:10:05,850 - INFO - Local subnet detected: 192.168.108.0/24
2024-11-25 00:10:20,889 - INFO - Packets captured: 1
2024-11-25 00:10:20,889 - INFO - Detecting anomalies in captured packets...
2024-11-25 00:10:20,889 - INFO - Not enough data to detect anomalies.
2024-11-25 00:10:20,889 - INFO - Anomalies detected: 0
2024-11-25 00:10:25,891 - INFO - Scanning local subnet for suspicious activity...
2024-11-25 00:10:25,892 - INFO - Getting local network interface details...
2024-11-25 00:10:25,892 - INFO - Local subnet detected: 192.168.108.0/24
2024-11-25 00:10:40,929 - INFO - Packets captured: 26
2024-11-25 00:10:40,929 - INFO - Detecting anomalies in captured packets...
2024-11-25 00:10:41,036 - INFO - Anomaly detection completed.
2024-11-25 00:10:41,036 - INFO - Anomalies detected: 0
2024-11-25 00:10:46,038 - INFO - Scanning local subnet for suspicious activity...
2024-11-25 00:10:46,038 - INFO - Getting local network interface details...
2024-11-25 00:10:46,039 - INFO - Local subnet detected: 192.168.108.0/24
2024-11-25 00:11:01,105 - INFO - Packets captured: 2
2024-11-25 00:11:01,105 - INFO - Detecting anomalies in captured packets...
2024-11-25 00:11:01,369 - INFO - Anomaly detection completed.
2024-11-25 00:11:01,370 - INFO - Anomalies detected: 0
2024-11-25 00:11:06,372 - INFO - Scanning local subnet for suspicious activity...
2024-11-25 00:11:06,373 - INFO - Getting local network interface details...
2024-11-25 00:11:06,374 - INFO - Local subnet detected: 192.168.108.0/24
2024-11-25 00:11:21,429 - INFO - Packets captured: 0
2024-11-25 00:11:21,429 - INFO - Detecting anomalies in captured packets...
2024-11-25 00:11:21,429 - INFO - Not enough data to detect anomalies.
2024-11-25 00:11:21,430 - INFO - Anomalies detected: 0
2024-11-25 00:11:26,431 - INFO - Scanning local subnet for suspicious activity...
2024-11-25 00:11:26,431 - INFO - Getting local network interface details...
2024-11-25 00:11:26,431 - INFO - Local subnet detected: 192.168.108.0/24
2024-11-25 00:11:32,590 - INFO - Active devices: 0
2024-11-25 00:11:32,613 - INFO - Packets captured: 0
2024-11-25 00:11:32,613 - INFO - Detecting anomalies in captured packets...
2024-11-25 00:11:32,613 - INFO - Not enough data to detect anomalies.
2024-11-25 00:11:32,613 - INFO - Anomalies detected: 0
2024-11-25 00:11:38,479 - INFO - Starting network monitoring script.
2024-11-25 00:11:38,480 - INFO - Determined local subnet: 127.0.1.1/24
2024-11-25 00:11:38,481 - INFO - Scanning local subnet for suspicious activity...
2024-11-25 00:11:38,482 - INFO - Getting local network interface details...
2024-11-25 00:11:38,482 - INFO - Local subnet detected: 192.168.108.0/24
2024-11-25 00:11:53,569 - INFO - Packets captured: 4
2024-11-25 00:11:53,569 - INFO - Detecting anomalies in captured packets...
2024-11-25 00:11:53,717 - INFO - Anomaly detection completed.
2024-11-25 00:11:53,718 - INFO - Anomalies detected: 1
2024-11-25 00:11:53,718 - INFO - Attempting to connect to the database...
2024-11-25 00:11:53,720 - INFO - Database connection successful.
2024-11-25 00:11:53,721 - INFO - IP 192.168.108.254 is already blocked and not functional.
2024-11-25 00:11:53,721 - INFO - Skipping IP 192.168.108.254 as it is already blocked.
2024-11-25 00:11:58,723 - INFO - Scanning local subnet for suspicious activity...
2024-11-25 00:11:58,723 - INFO - Getting local network interface details...
2024-11-25 00:11:58,724 - INFO - Local subnet detected: 192.168.108.0/24
2024-11-25 00:12:13,805 - INFO - Packets captured: 0
2024-11-25 00:12:13,805 - INFO - Detecting anomalies in captured packets...
2024-11-25 00:12:13,805 - INFO - Not enough data to detect anomalies.
2024-11-25 00:12:13,805 - INFO - Anomalies detected: 0
2024-11-25 00:12:18,806 - INFO - Scanning local subnet for suspicious activity...
2024-11-25 00:12:18,806 - INFO - Getting local network interface details...
2024-11-25 00:12:18,806 - INFO - Local subnet detected: 192.168.108.0/24
2024-11-25 00:12:33,845 - INFO - Packets captured: 30
2024-11-25 00:12:33,845 - INFO - Detecting anomalies in captured packets...
2024-11-25 00:12:33,966 - INFO - Anomaly detection completed.
2024-11-25 00:12:33,967 - INFO - Anomalies detected: 0
2024-11-25 00:12:38,970 - INFO - Scanning local subnet for suspicious activity...
2024-11-25 00:12:38,970 - INFO - Getting local network interface details...
2024-11-25 00:12:38,971 - INFO - Local subnet detected: 192.168.108.0/24
2024-11-25 00:12:54,053 - INFO - Packets captured: 2
2024-11-25 00:12:54,053 - INFO - Detecting anomalies in captured packets...
2024-11-25 00:12:54,234 - INFO - Anomaly detection completed.
2024-11-25 00:12:54,234 - INFO - Anomalies detected: 0
2024-11-25 00:12:59,236 - INFO - Scanning local subnet for suspicious activity...
2024-11-25 00:12:59,236 - INFO - Getting local network interface details...
2024-11-25 00:12:59,237 - INFO - Local subnet detected: 192.168.108.0/24
2024-11-25 00:13:14,301 - INFO - Packets captured: 26
2024-11-25 00:13:14,301 - INFO - Detecting anomalies in captured packets...
2024-11-25 00:13:14,408 - INFO - Anomaly detection completed.
2024-11-25 00:13:14,408 - INFO - Anomalies detected: 0
2024-11-25 00:13:19,411 - INFO - Scanning local subnet for suspicious activity...
2024-11-25 00:13:19,411 - INFO - Getting local network interface details...
2024-11-25 00:13:19,412 - INFO - Local subnet detected: 192.168.108.0/24
2024-11-25 00:13:34,485 - INFO - Packets captured: 2
2024-11-25 00:13:34,485 - INFO - Detecting anomalies in captured packets...
2024-11-25 00:13:34,589 - INFO - Anomaly detection completed.
2024-11-25 00:13:34,589 - INFO - Anomalies detected: 0
2024-11-25 00:13:39,591 - INFO - Scanning local subnet for suspicious activity...
2024-11-25 00:13:39,591 - INFO - Getting local network interface details...
2024-11-25 00:13:39,592 - INFO - Local subnet detected: 192.168.108.0/24
2024-11-25 00:13:54,689 - INFO - Packets captured: 0
2024-11-25 00:13:54,689 - INFO - Detecting anomalies in captured packets...
2024-11-25 00:13:54,689 - INFO - Not enough data to detect anomalies.
2024-11-25 00:13:54,690 - INFO - Anomalies detected: 0
2024-11-25 00:13:59,692 - INFO - Scanning local subnet for suspicious activity...
2024-11-25 00:13:59,692 - INFO - Getting local network interface details...
2024-11-25 00:13:59,693 - INFO - Local subnet detected: 192.168.108.0/24
2024-11-25 00:14:14,757 - INFO - Packets captured: 0
2024-11-25 00:14:14,757 - INFO - Detecting anomalies in captured packets...
2024-11-25 00:14:14,758 - INFO - Not enough data to detect anomalies.
2024-11-25 00:14:14,758 - INFO - Anomalies detected: 0
2024-11-25 00:14:19,760 - INFO - Scanning local subnet for suspicious activity...
2024-11-25 00:14:19,760 - INFO - Getting local network interface details...
2024-11-25 00:14:19,762 - INFO - Local subnet detected: 192.168.108.0/24
2024-11-25 00:14:34,813 - INFO - Packets captured: 4
2024-11-25 00:14:34,813 - INFO - Detecting anomalies in captured packets...
2024-11-25 00:14:34,946 - INFO - Anomaly detection completed.
2024-11-25 00:14:34,947 - INFO - Anomalies detected: 0
2024-11-25 00:14:39,949 - INFO - Scanning local subnet for suspicious activity...
2024-11-25 00:14:39,949 - INFO - Getting local network interface details...
2024-11-25 00:14:39,950 - INFO - Local subnet detected: 192.168.108.0/24
2024-11-25 00:14:55,001 - INFO - Packets captured: 0
2024-11-25 00:14:55,001 - INFO - Detecting anomalies in captured packets...
2024-11-25 00:14:55,002 - INFO - Not enough data to detect anomalies.
2024-11-25 00:14:55,002 - INFO - Anomalies detected: 0
2024-11-25 00:15:00,004 - INFO - Scanning local subnet for suspicious activity...
2024-11-25 00:15:00,004 - INFO - Getting local network interface details...
2024-11-25 00:15:00,005 - INFO - Local subnet detected: 192.168.108.0/24
2024-11-25 00:15:15,077 - INFO - Packets captured: 0
2024-11-25 00:15:15,077 - INFO - Detecting anomalies in captured packets...
2024-11-25 00:15:15,078 - INFO - Not enough data to detect anomalies.
2024-11-25 00:15:15,078 - INFO - Anomalies detected: 0
2024-11-25 00:15:20,079 - INFO - Scanning local subnet for suspicious activity...
2024-11-25 00:15:20,080 - INFO - Getting local network interface details...
2024-11-25 00:15:20,080 - INFO - Local subnet detected: 192.168.108.0/24
2024-11-25 00:15:35,149 - INFO - Packets captured: 0
2024-11-25 00:15:35,149 - INFO - Detecting anomalies in captured packets...
2024-11-25 00:15:35,150 - INFO - Not enough data to detect anomalies.
2024-11-25 00:15:35,150 - INFO - Anomalies detected: 0
2024-11-25 00:15:40,152 - INFO - Scanning local subnet for suspicious activity...
2024-11-25 00:15:40,153 - INFO - Getting local network interface details...
2024-11-25 00:15:40,154 - INFO - Local subnet detected: 192.168.108.0/24
2024-11-25 00:15:55,193 - INFO - Packets captured: 18
2024-11-25 00:15:55,193 - INFO - Detecting anomalies in captured packets...
2024-11-25 00:15:55,297 - INFO - Anomaly detection completed.
2024-11-25 00:15:55,298 - INFO - Anomalies detected: 0
2024-11-25 00:16:00,300 - INFO - Scanning local subnet for suspicious activity...
2024-11-25 00:16:00,300 - INFO - Getting local network interface details...
2024-11-25 00:16:00,301 - INFO - Local subnet detected: 192.168.108.0/24
2024-11-25 00:16:15,353 - INFO - Packets captured: 2
2024-11-25 00:16:15,353 - INFO - Detecting anomalies in captured packets...
2024-11-25 00:16:15,458 - INFO - Anomaly detection completed.
2024-11-25 00:16:15,458 - INFO - Anomalies detected: 0
2024-11-25 00:16:20,460 - INFO - Scanning local subnet for suspicious activity...
2024-11-25 00:16:20,460 - INFO - Getting local network interface details...
2024-11-25 00:16:20,461 - INFO - Local subnet detected: 192.168.108.0/24
2024-11-25 00:16:24,984 - INFO - Active devices: 0
2024-11-25 00:16:25,001 - INFO - Packets captured: 3
2024-11-25 00:16:25,001 - INFO - Detecting anomalies in captured packets...
2024-11-25 00:16:25,115 - INFO - Anomaly detection completed.
2024-11-25 00:16:25,116 - INFO - Anomalies detected: 0
2024-11-25 00:18:28,444 - INFO - Starting network monitoring script.
2024-11-25 00:18:28,444 - INFO - Determined local subnet: 127.0.1.1/24
2024-11-25 00:18:28,446 - INFO - Scanning local subnet for suspicious activity...
2024-11-25 00:18:28,446 - INFO - Getting local network interface details...
2024-11-25 00:18:28,446 - INFO - Local subnet detected: 192.168.36.0/24
2024-11-25 00:18:28,624 - INFO - Active devices: 1
2024-11-25 00:18:43,513 - INFO - Packets captured: 48
2024-11-25 00:18:43,513 - INFO - Detecting anomalies in captured packets...
2024-11-25 00:18:43,629 - INFO - Anomaly detection completed.
2024-11-25 00:18:43,629 - INFO - Anomalies detected: 1
2024-11-25 00:18:43,630 - INFO - Attempting to connect to the database...
2024-11-25 00:18:43,632 - INFO - Database connection successful.
2024-11-25 00:18:43,632 - INFO - Classifying the threat based on packet analysis...
2024-11-25 00:18:43,632 - INFO - Threat detected: Unusual Activity from IP 216.58.204.74
2024-11-25 00:18:43,633 - INFO - Inserting threat data for IP 216.58.204.74 into database...
2024-11-25 00:18:43,633 - INFO - Attempting to connect to the database...
2024-11-25 00:18:43,633 - INFO - Database connection successful.
2024-11-25 00:18:43,636 - INFO - Threat data inserted successfully.
2024-11-25 00:18:43,636 - INFO - Blocking IP 216.58.204.74 using OS-specific firewall rules...
2024-11-25 00:18:43,645 - INFO - IP 216.58.204.74 successfully blocked with Linux IPtables.
2024-11-25 00:18:48,647 - INFO - Scanning local subnet for suspicious activity...
2024-11-25 00:18:48,648 - INFO - Getting local network interface details...
2024-11-25 00:18:48,648 - INFO - Local subnet detected: 192.168.36.0/24
2024-11-25 00:18:58,625 - INFO - Determined local subnet: 127.0.1.1/24
2024-11-25 00:18:58,769 - INFO - Active devices: 1
2024-11-25 00:19:03,709 - INFO - Packets captured: 6
2024-11-25 00:19:03,709 - INFO - Detecting anomalies in captured packets...
2024-11-25 00:19:03,924 - INFO - Anomaly detection completed.
2024-11-25 00:19:03,925 - INFO - Anomalies detected: 1
2024-11-25 00:19:03,925 - INFO - Attempting to connect to the database...
2024-11-25 00:19:03,926 - INFO - Database connection successful.
2024-11-25 00:20:46,762 - INFO - Starting network monitoring script.
2024-11-25 00:20:46,762 - INFO - Determined local subnet: 127.0.1.1/24
2024-11-25 00:20:46,764 - INFO - Scanning local subnet for suspicious activity...
2024-11-25 00:20:46,764 - INFO - Getting local network interface details...
2024-11-25 00:20:46,764 - INFO - Local subnet detected: 192.168.36.0/24
2024-11-25 00:20:46,876 - INFO - Active devices: 1
2024-11-25 00:20:51,593 - INFO - Packets captured: 100
2024-11-25 00:20:51,594 - INFO - Detecting anomalies in captured packets...
2024-11-25 00:20:51,846 - INFO - Anomaly detection completed.
2024-11-25 00:20:51,846 - INFO - Anomalies detected: 1
2024-11-25 00:20:51,847 - INFO - Attempting to connect to the database...
2024-11-25 00:20:51,849 - INFO - Database connection successful.
2024-11-25 00:20:51,850 - INFO - Classifying the threat based on packet analysis...
2024-11-25 00:20:51,850 - INFO - Threat detected: Unusual Activity from IP 151.101.66.49
2024-11-25 00:20:51,850 - INFO - Inserting threat data for IP 151.101.66.49 into database...
2024-11-25 00:20:51,850 - INFO - Attempting to connect to the database...
2024-11-25 00:20:51,851 - INFO - Database connection successful.
2024-11-25 00:20:51,853 - INFO - Threat data inserted successfully.
2024-11-25 00:20:51,853 - INFO - Blocking IP 151.101.66.49 using OS-specific firewall rules...
2024-11-25 00:20:51,868 - INFO - IP 151.101.66.49 successfully blocked with Linux IPtables.
2024-11-25 00:20:56,870 - INFO - Scanning local subnet for suspicious activity...
2024-11-25 00:20:56,870 - INFO - Getting local network interface details...
2024-11-25 00:20:56,871 - INFO - Local subnet detected: 192.168.36.0/24
2024-11-25 00:21:11,925 - INFO - Packets captured: 0
2024-11-25 00:21:11,925 - INFO - Detecting anomalies in captured packets...
2024-11-25 00:21:11,926 - INFO - Not enough data to detect anomalies.
2024-11-25 00:21:11,926 - INFO - Anomalies detected: 0
2024-11-25 00:21:16,877 - INFO - Determined local subnet: 127.0.1.1/24
2024-11-25 00:21:16,927 - INFO - Scanning local subnet for suspicious activity...
2024-11-25 00:21:16,927 - INFO - Getting local network interface details...
2024-11-25 00:21:16,927 - INFO - Local subnet detected: 192.168.36.0/24
2024-11-25 00:21:16,994 - INFO - Active devices: 1
2024-11-25 00:21:31,981 - INFO - Packets captured: 31
2024-11-25 00:21:31,981 - INFO - Detecting anomalies in captured packets...
2024-11-25 00:21:32,097 - INFO - Anomaly detection completed.
2024-11-25 00:21:32,098 - INFO - Anomalies detected: 1
2024-11-25 00:21:32,098 - INFO - Attempting to connect to the database...
2024-11-25 00:21:32,099 - INFO - Database connection successful.
2024-11-25 00:21:32,099 - INFO - Classifying the threat based on packet analysis...
2024-11-25 00:21:32,100 - INFO - Threat detected: Unusual Activity from IP 46.101.52.249
2024-11-25 00:21:32,100 - INFO - Inserting threat data for IP 46.101.52.249 into database...
2024-11-25 00:21:32,100 - INFO - Attempting to connect to the database...
2024-11-25 00:21:32,101 - INFO - Database connection successful.
2024-11-25 00:21:32,103 - INFO - Threat data inserted successfully.
2024-11-25 00:21:32,103 - INFO - Blocking IP 46.101.52.249 using OS-specific firewall rules...
2024-11-25 00:21:32,112 - INFO - IP 46.101.52.249 successfully blocked with Linux IPtables.
2024-11-25 00:21:37,114 - INFO - Scanning local subnet for suspicious activity...
2024-11-25 00:21:37,114 - INFO - Getting local network interface details...
2024-11-25 00:21:37,115 - INFO - Local subnet detected: 192.168.36.0/24
2024-11-25 00:21:46,995 - INFO - Determined local subnet: 127.0.1.1/24
2024-11-25 00:21:47,120 - INFO - Active devices: 1
2024-11-25 00:21:52,177 - INFO - Packets captured: 9
2024-11-25 00:21:52,177 - INFO - Detecting anomalies in captured packets...
2024-11-25 00:21:52,315 - INFO - Anomaly detection completed.
2024-11-25 00:21:52,315 - INFO - Anomalies detected: 1
2024-11-25 00:21:52,316 - INFO - Attempting to connect to the database...
2024-11-25 00:21:52,317 - INFO - Database connection successful.
2024-11-28 08:36:49,669 - INFO - Starting network monitoring script.
2024-11-28 08:36:49,671 - INFO - Determined local subnet: 127.0.1.1/24
2024-11-28 08:36:49,672 - INFO - Scanning local subnet for suspicious activity...
2024-11-28 08:36:49,672 - INFO - Getting local network interface details...
2024-11-28 08:36:49,673 - INFO - Local subnet detected: 192.168.224.0/24
2024-11-28 08:36:59,877 - INFO - Active devices: 1
2024-11-28 08:37:04,779 - INFO - Packets captured: 47
2024-11-28 08:37:04,779 - INFO - Detecting anomalies in captured packets...
2024-11-28 08:37:04,905 - INFO - Anomaly detection completed.
2024-11-28 08:37:04,905 - INFO - Anomalies detected: 0
2024-11-28 08:37:09,907 - INFO - Scanning local subnet for suspicious activity...
2024-11-28 08:37:09,908 - INFO - Getting local network interface details...
2024-11-28 08:37:09,908 - INFO - Local subnet detected: 192.168.224.0/24
2024-11-28 08:37:24,962 - INFO - Packets captured: 40
2024-11-28 08:37:24,963 - INFO - Detecting anomalies in captured packets...
2024-11-28 08:37:25,087 - INFO - Anomaly detection completed.
2024-11-28 08:37:25,088 - INFO - Anomalies detected: 0
2024-11-28 08:37:29,877 - INFO - Determined local subnet: 127.0.1.1/24
2024-11-28 08:37:29,990 - INFO - Active devices: 1
2024-11-28 08:37:30,090 - INFO - Scanning local subnet for suspicious activity...
2024-11-28 08:37:30,090 - INFO - Getting local network interface details...
2024-11-28 08:37:30,091 - INFO - Local subnet detected: 192.168.224.0/24
2024-11-28 08:37:45,123 - INFO - Packets captured: 64
2024-11-28 08:37:45,123 - INFO - Detecting anomalies in captured packets...
2024-11-28 08:37:45,270 - INFO - Anomaly detection completed.
2024-11-28 08:37:45,271 - INFO - Anomalies detected: 1
2024-11-28 08:37:45,271 - INFO - Attempting to connect to the database...
2024-11-28 08:37:45,285 - INFO - Database connection successful.
2024-11-28 08:37:45,286 - INFO - Classifying the threat based on packet analysis...
2024-11-28 08:37:45,286 - INFO - Threat detected: Unusual Activity from IP 192.168.224.122
2024-11-28 08:37:45,286 - INFO - Inserting threat data for IP 192.168.224.122 into database...
2024-11-28 08:37:45,287 - INFO - Attempting to connect to the database...
2024-11-28 08:37:45,288 - INFO - Database connection successful.
2024-11-28 08:37:45,290 - INFO - Threat data inserted successfully.
2024-11-28 08:37:45,290 - INFO - Blocking IP 192.168.224.122 using OS-specific firewall rules...
2024-11-28 08:37:45,349 - INFO - IP 192.168.224.122 successfully blocked with Linux IPtables.
2024-11-28 08:37:50,351 - INFO - Scanning local subnet for suspicious activity...
2024-11-28 08:37:50,351 - INFO - Getting local network interface details...
2024-11-28 08:37:50,352 - INFO - Local subnet detected: 192.168.224.0/24
2024-11-28 08:37:59,991 - INFO - Determined local subnet: 127.0.1.1/24
2024-11-28 08:38:00,112 - INFO - Active devices: 1
2024-11-28 08:38:05,402 - INFO - Packets captured: 74
2024-11-28 08:38:05,403 - INFO - Detecting anomalies in captured packets...
2024-11-28 08:38:05,537 - INFO - Anomaly detection completed.
2024-11-28 08:38:05,537 - INFO - Anomalies detected: 0
2024-11-28 08:38:10,539 - INFO - Scanning local subnet for suspicious activity...
2024-11-28 08:38:10,540 - INFO - Getting local network interface details...
2024-11-28 08:38:10,540 - INFO - Local subnet detected: 192.168.224.0/24
2024-11-28 08:38:25,583 - INFO - Packets captured: 51
2024-11-28 08:38:25,583 - INFO - Detecting anomalies in captured packets...
2024-11-28 08:38:25,714 - INFO - Anomaly detection completed.
2024-11-28 08:38:25,715 - INFO - Anomalies detected: 0
2024-11-28 08:38:30,113 - INFO - Determined local subnet: 127.0.1.1/24
2024-11-28 08:38:30,225 - INFO - Active devices: 1
2024-11-28 08:38:30,717 - INFO - Scanning local subnet for suspicious activity...
2024-11-28 08:38:30,717 - INFO - Getting local network interface details...
2024-11-28 08:38:30,718 - INFO - Local subnet detected: 192.168.224.0/24
2024-11-28 08:38:36,839 - INFO - Packets captured: 19
2024-11-28 08:38:36,839 - INFO - Detecting anomalies in captured packets...
2024-11-28 08:38:36,970 - INFO - Anomaly detection completed.
2024-11-28 08:38:36,971 - INFO - Anomalies detected: 1
2024-11-28 08:38:36,971 - INFO - Attempting to connect to the database...
2024-11-28 08:38:36,972 - INFO - Database connection successful.
2024-11-28 08:38:36,973 - INFO - Classifying the threat based on packet analysis...
2024-11-28 08:38:36,973 - INFO - Threat detected: Unusual Activity from IP 172.64.155.209
2024-11-28 08:38:36,973 - INFO - Inserting threat data for IP 172.64.155.209 into database...
2024-11-28 08:38:36,973 - INFO - Attempting to connect to the database...
2024-11-28 08:38:36,974 - INFO - Database connection successful.
2024-11-28 08:38:36,977 - INFO - Threat data inserted successfully.
2024-11-28 08:38:36,977 - INFO - Blocking IP 172.64.155.209 using OS-specific firewall rules...
2024-11-28 08:38:36,991 - INFO - IP 172.64.155.209 successfully blocked with Linux IPtables.
